# JRE version: OpenJDK Runtime Environment (8.0_152-b06) (build 1.8.0_152-release-1136-b06)
# Java VM: OpenJDK 64-Bit Server VM (25.152-b06 mixed mode windows-amd64 compressed oops)
Heap:
 PSYoungGen      total 314880K, used 199900K [0x00000000e0000000, 0x00000000f9b80000, 0x0000000100000000)
  eden space 275456K, 64% used [0x00000000e0000000,0x00000000ead05560,0x00000000f0d00000)
  from space 39424K, 57% used [0x00000000f0d00000,0x00000000f2331d50,0x00000000f3380000)
  to   space 38912K, 0% used [0x00000000f7580000,0x00000000f7580000,0x00000000f9b80000)
 ParOldGen       total 161792K, used 69847K [0x00000000a0000000, 0x00000000a9e00000, 0x00000000e0000000)
  object space 161792K, 43% used [0x00000000a0000000,0x00000000a4435e68,0x00000000a9e00000)
 Metaspace       used 84105K, capacity 89128K, committed 89304K, reserved 1126400K
  class space    used 11238K, capacity 12224K, committed 12248K, reserved 1048576K
GC Heap History (10 events):
Event: 37.055 GC heap before
{Heap before GC invocations=22 (full 3):
 PSYoungGen      total 199680K, used 187868K [0x00000000e0000000, 0x00000000eeb80000, 0x0000000100000000)
  eden space 171520K, 99% used [0x00000000e0000000,0x00000000ea71a0d0,0x00000000ea780000)
  from space 28160K, 59% used [0x00000000ec300000,0x00000000ed35d0c0,0x00000000ede80000)
  to   space 28160K, 0% used [0x00000000ea780000,0x00000000ea780000,0x00000000ec300000)
 ParOldGen       total 161792K, used 45670K [0x00000000a0000000, 0x00000000a9e00000, 0x00000000e0000000)
  object space 161792K, 28% used [0x00000000a0000000,0x00000000a2c998d0,0x00000000a9e00000)
 Metaspace       used 71901K, capacity 74560K, committed 74584K, reserved 1114112K
  class space    used 9664K, capacity 10320K, committed 10328K, reserved 1048576K
Event: 37.062 GC heap after
Heap after GC invocations=22 (full 3):
 PSYoungGen      total 199680K, used 16065K [0x00000000e0000000, 0x00000000f1180000, 0x0000000100000000)
  eden space 171520K, 0% used [0x00000000e0000000,0x00000000e0000000,0x00000000ea780000)
  from space 28160K, 57% used [0x00000000ea780000,0x00000000eb7306a8,0x00000000ec300000)
  to   space 27648K, 0% used [0x00000000ef680000,0x00000000ef680000,0x00000000f1180000)
 ParOldGen       total 161792K, used 45678K [0x00000000a0000000, 0x00000000a9e00000, 0x00000000e0000000)
  object space 161792K, 28% used [0x00000000a0000000,0x00000000a2c9b8d0,0x00000000a9e00000)
 Metaspace       used 71901K, capacity 74560K, committed 74584K, reserved 1114112K
  class space    used 9664K, capacity 10320K, committed 10328K, reserved 1048576K
}
Event: 40.135 GC heap before
{Heap before GC invocations=23 (full 3):
 PSYoungGen      total 199680K, used 187585K [0x00000000e0000000, 0x00000000f1180000, 0x0000000100000000)
  eden space 171520K, 100% used [0x00000000e0000000,0x00000000ea780000,0x00000000ea780000)
  from space 28160K, 57% used [0x00000000ea780000,0x00000000eb7306a8,0x00000000ec300000)
  to   space 27648K, 0% used [0x00000000ef680000,0x00000000ef680000,0x00000000f1180000)
 ParOldGen       total 161792K, used 45678K [0x00000000a0000000, 0x00000000a9e00000, 0x00000000e0000000)
  object space 161792K, 28% used [0x00000000a0000000,0x00000000a2c9b8d0,0x00000000a9e00000)
 Metaspace       used 72930K, capacity 75616K, committed 75736K, reserved 1114112K
  class space    used 9779K, capacity 10418K, committed 10456K, reserved 1048576K
Event: 40.148 GC heap after
Heap after GC invocations=23 (full 3):
 PSYoungGen      total 245248K, used 17404K [0x00000000e0000000, 0x00000000f0e00000, 0x0000000100000000)
  eden space 221184K, 0% used [0x00000000e0000000,0x00000000e0000000,0x00000000ed800000)
  from space 24064K, 72% used [0x00000000ef680000,0x00000000f077f1f8,0x00000000f0e00000)
  to   space 27648K, 0% used [0x00000000ed800000,0x00000000ed800000,0x00000000ef300000)
 ParOldGen       total 161792K, used 45686K [0x00000000a0000000, 0x00000000a9e00000, 0x00000000e0000000)
  object space 161792K, 28% used [0x00000000a0000000,0x00000000a2c9d8d0,0x00000000a9e00000)
 Metaspace       used 72930K, capacity 75616K, committed 75736K, reserved 1114112K
  class space    used 9779K, capacity 10418K, committed 10456K, reserved 1048576K
}
Event: 45.236 GC heap before
{Heap before GC invocations=24 (full 3):
 PSYoungGen      total 245248K, used 238588K [0x00000000e0000000, 0x00000000f0e00000, 0x0000000100000000)
  eden space 221184K, 100% used [0x00000000e0000000,0x00000000ed800000,0x00000000ed800000)
  from space 24064K, 72% used [0x00000000ef680000,0x00000000f077f1f8,0x00000000f0e00000)
  to   space 27648K, 0% used [0x00000000ed800000,0x00000000ed800000,0x00000000ef300000)
 ParOldGen       total 161792K, used 45686K [0x00000000a0000000, 0x00000000a9e00000, 0x00000000e0000000)
  object space 161792K, 28% used [0x00000000a0000000,0x00000000a2c9d8d0,0x00000000a9e00000)
 Metaspace       used 79263K, capacity 83006K, committed 83160K, reserved 1120256K
  class space    used 10670K, capacity 11471K, committed 11480K, reserved 1048576K
Event: 45.264 GC heap after
Heap after GC invocations=24 (full 3):
 PSYoungGen      total 248832K, used 27619K [0x00000000e0000000, 0x00000000f5580000, 0x0000000100000000)
  eden space 221184K, 0% used [0x00000000e0000000,0x00000000e0000000,0x00000000ed800000)
  from space 27648K, 99% used [0x00000000ed800000,0x00000000ef2f8ca8,0x00000000ef300000)
  to   space 34816K, 0% used [0x00000000f3380000,0x00000000f3380000,0x00000000f5580000)
 ParOldGen       total 161792K, used 55399K [0x00000000a0000000, 0x00000000a9e00000, 0x00000000e0000000)
  object space 161792K, 34% used [0x00000000a0000000,0x00000000a3619e48,0x00000000a9e00000)
 Metaspace       used 79263K, capacity 83006K, committed 83160K, reserved 1120256K
  class space    used 10670K, capacity 11471K, committed 11480K, reserved 1048576K
}
Event: 46.040 GC heap before
{Heap before GC invocations=25 (full 3):
 PSYoungGen      total 248832K, used 248803K [0x00000000e0000000, 0x00000000f5580000, 0x0000000100000000)
  eden space 221184K, 100% used [0x00000000e0000000,0x00000000ed800000,0x00000000ed800000)
  from space 27648K, 99% used [0x00000000ed800000,0x00000000ef2f8ca8,0x00000000ef300000)
  to   space 34816K, 0% used [0x00000000f3380000,0x00000000f3380000,0x00000000f5580000)
 ParOldGen       total 161792K, used 55399K [0x00000000a0000000, 0x00000000a9e00000, 0x00000000e0000000)
  object space 161792K, 34% used [0x00000000a0000000,0x00000000a3619e48,0x00000000a9e00000)
 Metaspace       used 83580K, capacity 88494K, committed 88792K, reserved 1126400K
  class space    used 11216K, capacity 12187K, committed 12248K, reserved 1048576K
Event: 46.067 GC heap after
Heap after GC invocations=25 (full 3):
 PSYoungGen      total 310272K, used 33810K [0x00000000e0000000, 0x00000000f5b80000, 0x0000000100000000)
  eden space 275456K, 0% used [0x00000000e0000000,0x00000000e0000000,0x00000000f0d00000)
  from space 34816K, 97% used [0x00000000f3380000,0x00000000f5484b38,0x00000000f5580000)
  to   space 39424K, 0% used [0x00000000f0d00000,0x00000000f0d00000,0x00000000f3380000)
 ParOldGen       total 161792K, used 58651K [0x00000000a0000000, 0x00000000a9e00000, 0x00000000e0000000)
  object space 161792K, 36% used [0x00000000a0000000,0x00000000a3946f60,0x00000000a9e00000)
 Metaspace       used 83580K, capacity 88494K, committed 88792K, reserved 1126400K
  class space    used 11216K, capacity 12187K, committed 12248K, reserved 1048576K
}
Event: 46.491 GC heap before
{Heap before GC invocations=26 (full 3):
 PSYoungGen      total 310272K, used 309266K [0x00000000e0000000, 0x00000000f5b80000, 0x0000000100000000)
  eden space 275456K, 100% used [0x00000000e0000000,0x00000000f0d00000,0x00000000f0d00000)
  from space 34816K, 97% used [0x00000000f3380000,0x00000000f5484b38,0x00000000f5580000)
  to   space 39424K, 0% used [0x00000000f0d00000,0x00000000f0d00000,0x00000000f3380000)
 ParOldGen       total 161792K, used 58651K [0x00000000a0000000, 0x00000000a9e00000, 0x00000000e0000000)
  object space 161792K, 36% used [0x00000000a0000000,0x00000000a3946f60,0x00000000a9e00000)
 Metaspace       used 83916K, capacity 88848K, committed 89048K, reserved 1126400K
  class space    used 11238K, capacity 12224K, committed 12248K, reserved 1048576K
Event: 46.512 GC heap after
Heap after GC invocations=26 (full 3):
 PSYoungGen      total 314880K, used 22727K [0x00000000e0000000, 0x00000000f9b80000, 0x0000000100000000)
  eden space 275456K, 0% used [0x00000000e0000000,0x00000000e0000000,0x00000000f0d00000)
  from space 39424K, 57% used [0x00000000f0d00000,0x00000000f2331d50,0x00000000f3380000)
  to   space 38912K, 0% used [0x00000000f7580000,0x00000000f7580000,0x00000000f9b80000)
 ParOldGen       total 161792K, used 69847K [0x00000000a0000000, 0x00000000a9e00000, 0x00000000e0000000)
  object space 161792K, 43% used [0x00000000a0000000,0x00000000a4435e68,0x00000000a9e00000)
 Metaspace       used 83916K, capacity 88848K, committed 89048K, reserved 1126400K
  class space    used 11238K, capacity 12224K, committed 12248K, reserved 1048576K
}

