# JRE version: OpenJDK Runtime Environment (8.0_152-b06) (build 1.8.0_152-release-1136-b06)
# Java VM: OpenJDK 64-Bit Server VM (25.152-b06 mixed mode windows-amd64 compressed oops)
Heap:
 PSYoungGen      total 349696K, used 50429K [0x00000000e0000000, 0x0000000100000000, 0x0000000100000000)
  eden space 175104K, 10% used [0x00000000e0000000,0x00000000e1151ad0,0x00000000eab00000)
  from space 174592K, 18% used [0x00000000eab00000,0x00000000ecaedc28,0x00000000f5580000)
  to   space 174592K, 0% used [0x00000000f5580000,0x00000000f5580000,0x0000000100000000)
 ParOldGen       total 395264K, used 95207K [0x00000000a0000000, 0x00000000b8200000, 0x00000000e0000000)
  object space 395264K, 24% used [0x00000000a0000000,0x00000000a5cf9cb0,0x00000000b8200000)
 Metaspace       used 168596K, capacity 175596K, committed 176600K, reserved 1204224K
  class space    used 20123K, capacity 21491K, committed 21760K, reserved 1048576K
GC Heap History (10 events):
Event: 20677.437 GC heap before
{Heap before GC invocations=61 (full 5):
 PSYoungGen      total 349696K, used 271100K [0x00000000e0000000, 0x0000000100000000, 0x0000000100000000)
  eden space 175104K, 100% used [0x00000000e0000000,0x00000000eab00000,0x00000000eab00000)
  from space 174592K, 54% used [0x00000000eab00000,0x00000000f08bf370,0x00000000f5580000)
  to   space 174592K, 0% used [0x00000000f5580000,0x00000000f5580000,0x0000000100000000)
 ParOldGen       total 326656K, used 246480K [0x00000000a0000000, 0x00000000b3f00000, 0x00000000e0000000)
  object space 326656K, 75% used [0x00000000a0000000,0x00000000af0b4008,0x00000000b3f00000)
 Metaspace       used 168774K, capacity 176058K, committed 176344K, reserved 1204224K
  class space    used 20170K, capacity 21580K, committed 21760K, reserved 1048576K
Event: 20677.471 GC heap after
Heap after GC invocations=61 (full 5):
 PSYoungGen      total 349696K, used 82458K [0x00000000e0000000, 0x0000000100000000, 0x0000000100000000)
  eden space 175104K, 0% used [0x00000000e0000000,0x00000000e0000000,0x00000000eab00000)
  from space 174592K, 47% used [0x00000000f5580000,0x00000000fa606ad0,0x0000000100000000)
  to   space 174592K, 0% used [0x00000000eab00000,0x00000000eab00000,0x00000000f5580000)
 ParOldGen       total 326656K, used 258110K [0x00000000a0000000, 0x00000000b3f00000, 0x00000000e0000000)
  object space 326656K, 79% used [0x00000000a0000000,0x00000000afc0f850,0x00000000b3f00000)
 Metaspace       used 168774K, capacity 176058K, committed 176344K, reserved 1204224K
  class space    used 20170K, capacity 21580K, committed 21760K, reserved 1048576K
}
Event: 20764.953 GC heap before
{Heap before GC invocations=62 (full 5):
 PSYoungGen      total 349696K, used 257562K [0x00000000e0000000, 0x0000000100000000, 0x0000000100000000)
  eden space 175104K, 100% used [0x00000000e0000000,0x00000000eab00000,0x00000000eab00000)
  from space 174592K, 47% used [0x00000000f5580000,0x00000000fa606ad0,0x0000000100000000)
  to   space 174592K, 0% used [0x00000000eab00000,0x00000000eab00000,0x00000000f5580000)
 ParOldGen       total 326656K, used 258110K [0x00000000a0000000, 0x00000000b3f00000, 0x00000000e0000000)
  object space 326656K, 79% used [0x00000000a0000000,0x00000000afc0f850,0x00000000b3f00000)
 Metaspace       used 168872K, capacity 176100K, committed 176344K, reserved 1204224K
  class space    used 20174K, capacity 21587K, committed 21760K, reserved 1048576K
Event: 20764.990 GC heap after
Heap after GC invocations=62 (full 5):
 PSYoungGen      total 349696K, used 57235K [0x00000000e0000000, 0x0000000100000000, 0x0000000100000000)
  eden space 175104K, 0% used [0x00000000e0000000,0x00000000e0000000,0x00000000eab00000)
  from space 174592K, 32% used [0x00000000eab00000,0x00000000ee2e4e38,0x00000000f5580000)
  to   space 174592K, 0% used [0x00000000f5580000,0x00000000f5580000,0x0000000100000000)
 ParOldGen       total 326656K, used 292061K [0x00000000a0000000, 0x00000000b3f00000, 0x00000000e0000000)
  object space 326656K, 89% used [0x00000000a0000000,0x00000000b1d377c8,0x00000000b3f00000)
 Metaspace       used 168872K, capacity 176100K, committed 176344K, reserved 1204224K
  class space    used 20174K, capacity 21587K, committed 21760K, reserved 1048576K
}
Event: 20764.990 GC heap before
{Heap before GC invocations=63 (full 6):
 PSYoungGen      total 349696K, used 57235K [0x00000000e0000000, 0x0000000100000000, 0x0000000100000000)
  eden space 175104K, 0% used [0x00000000e0000000,0x00000000e0000000,0x00000000eab00000)
  from space 174592K, 32% used [0x00000000eab00000,0x00000000ee2e4e38,0x00000000f5580000)
  to   space 174592K, 0% used [0x00000000f5580000,0x00000000f5580000,0x0000000100000000)
 ParOldGen       total 326656K, used 292061K [0x00000000a0000000, 0x00000000b3f00000, 0x00000000e0000000)
  object space 326656K, 89% used [0x00000000a0000000,0x00000000b1d377c8,0x00000000b3f00000)
 Metaspace       used 168872K, capacity 176100K, committed 176344K, reserved 1204224K
  class space    used 20174K, capacity 21587K, committed 21760K, reserved 1048576K
Event: 20765.349 GC heap after
Heap after GC invocations=63 (full 6):
 PSYoungGen      total 349696K, used 0K [0x00000000e0000000, 0x0000000100000000, 0x0000000100000000)
  eden space 175104K, 0% used [0x00000000e0000000,0x00000000e0000000,0x00000000eab00000)
  from space 174592K, 0% used [0x00000000eab00000,0x00000000eab00000,0x00000000f5580000)
  to   space 174592K, 0% used [0x00000000f5580000,0x00000000f5580000,0x0000000100000000)
 ParOldGen       total 395264K, used 95199K [0x00000000a0000000, 0x00000000b8200000, 0x00000000e0000000)
  object space 395264K, 24% used [0x00000000a0000000,0x00000000a5cf7cb0,0x00000000b8200000)
 Metaspace       used 161556K, capacity 168500K, committed 176344K, reserved 1204224K
  class space    used 19338K, capacity 20669K, committed 21760K, reserved 1048576K
}
Event: 20766.101 GC heap before
{Heap before GC invocations=64 (full 6):
 PSYoungGen      total 349696K, used 175104K [0x00000000e0000000, 0x0000000100000000, 0x0000000100000000)
  eden space 175104K, 100% used [0x00000000e0000000,0x00000000eab00000,0x00000000eab00000)
  from space 174592K, 0% used [0x00000000eab00000,0x00000000eab00000,0x00000000f5580000)
  to   space 174592K, 0% used [0x00000000f5580000,0x00000000f5580000,0x0000000100000000)
 ParOldGen       total 395264K, used 95199K [0x00000000a0000000, 0x00000000b8200000, 0x00000000e0000000)
  object space 395264K, 24% used [0x00000000a0000000,0x00000000a5cf7cb0,0x00000000b8200000)
 Metaspace       used 168509K, capacity 175500K, committed 176344K, reserved 1204224K
  class space    used 20120K, capacity 21459K, committed 21760K, reserved 1048576K
Event: 20766.135 GC heap after
Heap after GC invocations=64 (full 6):
 PSYoungGen      total 349696K, used 104165K [0x00000000e0000000, 0x0000000100000000, 0x0000000100000000)
  eden space 175104K, 0% used [0x00000000e0000000,0x00000000e0000000,0x00000000eab00000)
  from space 174592K, 59% used [0x00000000f5580000,0x00000000fbb39570,0x0000000100000000)
  to   space 174592K, 0% used [0x00000000eab00000,0x00000000eab00000,0x00000000f5580000)
 ParOldGen       total 395264K, used 95207K [0x00000000a0000000, 0x00000000b8200000, 0x00000000e0000000)
  object space 395264K, 24% used [0x00000000a0000000,0x00000000a5cf9cb0,0x00000000b8200000)
 Metaspace       used 168509K, capacity 175500K, committed 176344K, reserved 1204224K
  class space    used 20120K, capacity 21459K, committed 21760K, reserved 1048576K
}
Event: 20768.122 GC heap before
{Heap before GC invocations=65 (full 6):
 PSYoungGen      total 349696K, used 279107K [0x00000000e0000000, 0x0000000100000000, 0x0000000100000000)
  eden space 175104K, 99% used [0x00000000e0000000,0x00000000eaad77e8,0x00000000eab00000)
  from space 174592K, 59% used [0x00000000f5580000,0x00000000fbb39570,0x0000000100000000)
  to   space 174592K, 0% used [0x00000000eab00000,0x00000000eab00000,0x00000000f5580000)
 ParOldGen       total 395264K, used 95207K [0x00000000a0000000, 0x00000000b8200000, 0x00000000e0000000)
  object space 395264K, 24% used [0x00000000a0000000,0x00000000a5cf9cb0,0x00000000b8200000)
 Metaspace       used 168593K, capacity 175596K, committed 176600K, reserved 1204224K
  class space    used 20123K, capacity 21491K, committed 21760K, reserved 1048576K
Event: 20768.139 GC heap after
Heap after GC invocations=65 (full 6):
 PSYoungGen      total 349696K, used 32695K [0x00000000e0000000, 0x0000000100000000, 0x0000000100000000)
  eden space 175104K, 0% used [0x00000000e0000000,0x00000000e0000000,0x00000000eab00000)
  from space 174592K, 18% used [0x00000000eab00000,0x00000000ecaedc28,0x00000000f5580000)
  to   space 174592K, 0% used [0x00000000f5580000,0x00000000f5580000,0x0000000100000000)
 ParOldGen       total 395264K, used 95207K [0x00000000a0000000, 0x00000000b8200000, 0x00000000e0000000)
  object space 395264K, 24% used [0x00000000a0000000,0x00000000a5cf9cb0,0x00000000b8200000)
 Metaspace       used 168593K, capacity 175596K, committed 176600K, reserved 1204224K
  class space    used 20123K, capacity 21491K, committed 21760K, reserved 1048576K
}

