# JRE version: OpenJDK Runtime Environment (8.0_152-b06) (build 1.8.0_152-release-1136-b06)
# Java VM: OpenJDK 64-Bit Server VM (25.152-b06 mixed mode windows-amd64 compressed oops)
Heap:
 PSYoungGen      total 331264K, used 43335K [0x00000000e0000000, 0x00000000f7580000, 0x0000000100000000)
  eden space 285184K, 9% used [0x00000000e0000000,0x00000000e1924c10,0x00000000f1680000)
  from space 46080K, 38% used [0x00000000f4880000,0x00000000f59ad050,0x00000000f7580000)
  to   space 48640K, 0% used [0x00000000f1680000,0x00000000f1680000,0x00000000f4600000)
 ParOldGen       total 150016K, used 87127K [0x00000000a0000000, 0x00000000a9280000, 0x00000000e0000000)
  object space 150016K, 58% used [0x00000000a0000000,0x00000000a5515cb8,0x00000000a9280000)
 Metaspace       used 81852K, capacity 85524K, committed 85652K, reserved 1124352K
  class space    used 10598K, capacity 11333K, committed 11412K, reserved 1048576K
GC Heap History (10 events):
Event: 78.436 GC heap before
{Heap before GC invocations=39 (full 3):
 PSYoungGen      total 333824K, used 301690K [0x00000000e0000000, 0x00000000f7580000, 0x0000000100000000)
  eden space 285184K, 100% used [0x00000000e0000000,0x00000000f1680000,0x00000000f1680000)
  from space 48640K, 33% used [0x00000000f1680000,0x00000000f269eab0,0x00000000f4600000)
  to   space 46080K, 0% used [0x00000000f4880000,0x00000000f4880000,0x00000000f7580000)
 ParOldGen       total 150016K, used 74264K [0x00000000a0000000, 0x00000000a9280000, 0x00000000e0000000)
  object space 150016K, 49% used [0x00000000a0000000,0x00000000a48862c8,0x00000000a9280000)
 Metaspace       used 80517K, capacity 83908K, committed 84116K, reserved 1122304K
  class space    used 10443K, capacity 11115K, committed 11156K, reserved 1048576K
Event: 78.441 GC heap after
Heap after GC invocations=39 (full 3):
 PSYoungGen      total 331264K, used 4519K [0x00000000e0000000, 0x00000000f7580000, 0x0000000100000000)
  eden space 285184K, 0% used [0x00000000e0000000,0x00000000e0000000,0x00000000f1680000)
  from space 46080K, 9% used [0x00000000f4880000,0x00000000f4ce9cb0,0x00000000f7580000)
  to   space 48640K, 0% used [0x00000000f1680000,0x00000000f1680000,0x00000000f4600000)
 ParOldGen       total 150016K, used 74961K [0x00000000a0000000, 0x00000000a9280000, 0x00000000e0000000)
  object space 150016K, 49% used [0x00000000a0000000,0x00000000a49347e8,0x00000000a9280000)
 Metaspace       used 80517K, capacity 83908K, committed 84116K, reserved 1122304K
  class space    used 10443K, capacity 11115K, committed 11156K, reserved 1048576K
}
Event: 78.682 GC heap before
{Heap before GC invocations=40 (full 3):
 PSYoungGen      total 331264K, used 289703K [0x00000000e0000000, 0x00000000f7580000, 0x0000000100000000)
  eden space 285184K, 100% used [0x00000000e0000000,0x00000000f1680000,0x00000000f1680000)
  from space 46080K, 9% used [0x00000000f4880000,0x00000000f4ce9cb0,0x00000000f7580000)
  to   space 48640K, 0% used [0x00000000f1680000,0x00000000f1680000,0x00000000f4600000)
 ParOldGen       total 150016K, used 74961K [0x00000000a0000000, 0x00000000a9280000, 0x00000000e0000000)
  object space 150016K, 49% used [0x00000000a0000000,0x00000000a49347e8,0x00000000a9280000)
 Metaspace       used 80522K, capacity 83908K, committed 84116K, reserved 1122304K
  class space    used 10444K, capacity 11115K, committed 11156K, reserved 1048576K
Event: 78.689 GC heap after
Heap after GC invocations=40 (full 3):
 PSYoungGen      total 333824K, used 9542K [0x00000000e0000000, 0x00000000f7580000, 0x0000000100000000)
  eden space 285184K, 0% used [0x00000000e0000000,0x00000000e0000000,0x00000000f1680000)
  from space 48640K, 19% used [0x00000000f1680000,0x00000000f1fd1b98,0x00000000f4600000)
  to   space 46080K, 0% used [0x00000000f4880000,0x00000000f4880000,0x00000000f7580000)
 ParOldGen       total 150016K, used 76518K [0x00000000a0000000, 0x00000000a9280000, 0x00000000e0000000)
  object space 150016K, 51% used [0x00000000a0000000,0x00000000a4ab9920,0x00000000a9280000)
 Metaspace       used 80522K, capacity 83908K, committed 84116K, reserved 1122304K
  class space    used 10444K, capacity 11115K, committed 11156K, reserved 1048576K
}
Event: 78.915 GC heap before
{Heap before GC invocations=41 (full 3):
 PSYoungGen      total 333824K, used 294726K [0x00000000e0000000, 0x00000000f7580000, 0x0000000100000000)
  eden space 285184K, 100% used [0x00000000e0000000,0x00000000f1680000,0x00000000f1680000)
  from space 48640K, 19% used [0x00000000f1680000,0x00000000f1fd1b98,0x00000000f4600000)
  to   space 46080K, 0% used [0x00000000f4880000,0x00000000f4880000,0x00000000f7580000)
 ParOldGen       total 150016K, used 76518K [0x00000000a0000000, 0x00000000a9280000, 0x00000000e0000000)
  object space 150016K, 51% used [0x00000000a0000000,0x00000000a4ab9920,0x00000000a9280000)
 Metaspace       used 80556K, capacity 83908K, committed 84116K, reserved 1122304K
  class space    used 10448K, capacity 11115K, committed 11156K, reserved 1048576K
Event: 78.928 GC heap after
Heap after GC invocations=41 (full 3):
 PSYoungGen      total 331264K, used 4340K [0x00000000e0000000, 0x00000000f7580000, 0x0000000100000000)
  eden space 285184K, 0% used [0x00000000e0000000,0x00000000e0000000,0x00000000f1680000)
  from space 46080K, 9% used [0x00000000f4880000,0x00000000f4cbd270,0x00000000f7580000)
  to   space 48640K, 0% used [0x00000000f1680000,0x00000000f1680000,0x00000000f4600000)
 ParOldGen       total 150016K, used 84065K [0x00000000a0000000, 0x00000000a9280000, 0x00000000e0000000)
  object space 150016K, 56% used [0x00000000a0000000,0x00000000a5218498,0x00000000a9280000)
 Metaspace       used 80556K, capacity 83908K, committed 84116K, reserved 1122304K
  class space    used 10448K, capacity 11115K, committed 11156K, reserved 1048576K
}
Event: 79.461 GC heap before
{Heap before GC invocations=42 (full 3):
 PSYoungGen      total 331264K, used 289485K [0x00000000e0000000, 0x00000000f7580000, 0x0000000100000000)
  eden space 285184K, 99% used [0x00000000e0000000,0x00000000f1676208,0x00000000f1680000)
  from space 46080K, 9% used [0x00000000f4880000,0x00000000f4cbd270,0x00000000f7580000)
  to   space 48640K, 0% used [0x00000000f1680000,0x00000000f1680000,0x00000000f4600000)
 ParOldGen       total 150016K, used 84065K [0x00000000a0000000, 0x00000000a9280000, 0x00000000e0000000)
  object space 150016K, 56% used [0x00000000a0000000,0x00000000a5218498,0x00000000a9280000)
 Metaspace       used 81085K, capacity 84568K, committed 84756K, reserved 1122304K
  class space    used 10525K, capacity 11219K, committed 11284K, reserved 1048576K
Event: 79.472 GC heap after
Heap after GC invocations=42 (full 3):
 PSYoungGen      total 333824K, used 9557K [0x00000000e0000000, 0x00000000f7580000, 0x0000000100000000)
  eden space 285184K, 0% used [0x00000000e0000000,0x00000000e0000000,0x00000000f1680000)
  from space 48640K, 19% used [0x00000000f1680000,0x00000000f1fd5660,0x00000000f4600000)
  to   space 46080K, 0% used [0x00000000f4880000,0x00000000f4880000,0x00000000f7580000)
 ParOldGen       total 150016K, used 86079K [0x00000000a0000000, 0x00000000a9280000, 0x00000000e0000000)
  object space 150016K, 57% used [0x00000000a0000000,0x00000000a540ff08,0x00000000a9280000)
 Metaspace       used 81085K, capacity 84568K, committed 84756K, reserved 1122304K
  class space    used 10525K, capacity 11219K, committed 11284K, reserved 1048576K
}
Event: 82.169 GC heap before
{Heap before GC invocations=43 (full 3):
 PSYoungGen      total 333824K, used 294741K [0x00000000e0000000, 0x00000000f7580000, 0x0000000100000000)
  eden space 285184K, 100% used [0x00000000e0000000,0x00000000f1680000,0x00000000f1680000)
  from space 48640K, 19% used [0x00000000f1680000,0x00000000f1fd5660,0x00000000f4600000)
  to   space 46080K, 0% used [0x00000000f4880000,0x00000000f4880000,0x00000000f7580000)
 ParOldGen       total 150016K, used 86079K [0x00000000a0000000, 0x00000000a9280000, 0x00000000e0000000)
  object space 150016K, 57% used [0x00000000a0000000,0x00000000a540ff08,0x00000000a9280000)
 Metaspace       used 81843K, capacity 85524K, committed 85652K, reserved 1124352K
  class space    used 10598K, capacity 11333K, committed 11412K, reserved 1048576K
Event: 82.177 GC heap after
Heap after GC invocations=43 (full 3):
 PSYoungGen      total 331264K, used 17588K [0x00000000e0000000, 0x00000000f7580000, 0x0000000100000000)
  eden space 285184K, 0% used [0x00000000e0000000,0x00000000e0000000,0x00000000f1680000)
  from space 46080K, 38% used [0x00000000f4880000,0x00000000f59ad050,0x00000000f7580000)
  to   space 48640K, 0% used [0x00000000f1680000,0x00000000f1680000,0x00000000f4600000)
 ParOldGen       total 150016K, used 87127K [0x00000000a0000000, 0x00000000a9280000, 0x00000000e0000000)
  object space 150016K, 58% used [0x00000000a0000000,0x00000000a5515cb8,0x00000000a9280000)
 Metaspace       used 81843K, capacity 85524K, committed 85652K, reserved 1124352K
  class space    used 10598K, capacity 11333K, committed 11412K, reserved 1048576K
}

