# JRE version: OpenJDK Runtime Environment (8.0_152-b06) (build 1.8.0_152-release-1136-b06)
# Java VM: OpenJDK 64-Bit Server VM (25.152-b06 mixed mode windows-amd64 compressed oops)
Heap:
 PSYoungGen      total 379904K, used 58407K [0x00000000e0000000, 0x00000000f9800000, 0x0000000100000000)
  eden space 351232K, 12% used [0x00000000e0000000,0x00000000e2c3d250,0x00000000f5700000)
  from space 28672K, 45% used [0x00000000f7c00000,0x00000000f88ccb88,0x00000000f9800000)
  to   space 33280K, 0% used [0x00000000f5700000,0x00000000f5700000,0x00000000f7780000)
 ParOldGen       total 158208K, used 46633K [0x00000000a0000000, 0x00000000a9a80000, 0x00000000e0000000)
  object space 158208K, 29% used [0x00000000a0000000,0x00000000a2d8a778,0x00000000a9a80000)
 Metaspace       used 72629K, capacity 76119K, committed 76248K, reserved 1116160K
  class space    used 9732K, capacity 10437K, committed 10496K, reserved 1048576K
GC Heap History (10 events):
Event: 10.242 GC heap before
{Heap before GC invocations=23 (full 3):
 PSYoungGen      total 384512K, used 355425K [0x00000000e0000000, 0x00000000f9800000, 0x0000000100000000)
  eden space 351232K, 100% used [0x00000000e0000000,0x00000000f5700000,0x00000000f5700000)
  from space 33280K, 12% used [0x00000000f5700000,0x00000000f5b18708,0x00000000f7780000)
  to   space 28672K, 0% used [0x00000000f7c00000,0x00000000f7c00000,0x00000000f9800000)
 ParOldGen       total 158208K, used 46592K [0x00000000a0000000, 0x00000000a9a80000, 0x00000000e0000000)
  object space 158208K, 29% used [0x00000000a0000000,0x00000000a2d80088,0x00000000a9a80000)
 Metaspace       used 71724K, capacity 75199K, committed 75352K, reserved 1114112K
  class space    used 9637K, capacity 10295K, committed 10368K, reserved 1048576K
Event: 10.249 GC heap after
Heap after GC invocations=23 (full 3):
 PSYoungGen      total 379904K, used 11255K [0x00000000e0000000, 0x00000000f9800000, 0x0000000100000000)
  eden space 351232K, 0% used [0x00000000e0000000,0x00000000e0000000,0x00000000f5700000)
  from space 28672K, 39% used [0x00000000f7c00000,0x00000000f86fdd18,0x00000000f9800000)
  to   space 33280K, 0% used [0x00000000f5700000,0x00000000f5700000,0x00000000f7780000)
 ParOldGen       total 158208K, used 46600K [0x00000000a0000000, 0x00000000a9a80000, 0x00000000e0000000)
  object space 158208K, 29% used [0x00000000a0000000,0x00000000a2d82088,0x00000000a9a80000)
 Metaspace       used 71724K, capacity 75199K, committed 75352K, reserved 1114112K
  class space    used 9637K, capacity 10295K, committed 10368K, reserved 1048576K
}
Event: 10.941 GC heap before
{Heap before GC invocations=24 (full 3):
 PSYoungGen      total 379904K, used 362487K [0x00000000e0000000, 0x00000000f9800000, 0x0000000100000000)
  eden space 351232K, 100% used [0x00000000e0000000,0x00000000f5700000,0x00000000f5700000)
  from space 28672K, 39% used [0x00000000f7c00000,0x00000000f86fdd18,0x00000000f9800000)
  to   space 33280K, 0% used [0x00000000f5700000,0x00000000f5700000,0x00000000f7780000)
 ParOldGen       total 158208K, used 46609K [0x00000000a0000000, 0x00000000a9a80000, 0x00000000e0000000)
  object space 158208K, 29% used [0x00000000a0000000,0x00000000a2d84778,0x00000000a9a80000)
 Metaspace       used 71868K, capacity 75263K, committed 75352K, reserved 1114112K
  class space    used 9637K, capacity 10295K, committed 10368K, reserved 1048576K
Event: 10.949 GC heap after
Heap after GC invocations=24 (full 3):
 PSYoungGen      total 384512K, used 8539K [0x00000000e0000000, 0x00000000f9800000, 0x0000000100000000)
  eden space 351232K, 0% used [0x00000000e0000000,0x00000000e0000000,0x00000000f5700000)
  from space 33280K, 25% used [0x00000000f5700000,0x00000000f5f56d58,0x00000000f7780000)
  to   space 28672K, 0% used [0x00000000f7c00000,0x00000000f7c00000,0x00000000f9800000)
 ParOldGen       total 158208K, used 46617K [0x00000000a0000000, 0x00000000a9a80000, 0x00000000e0000000)
  object space 158208K, 29% used [0x00000000a0000000,0x00000000a2d86778,0x00000000a9a80000)
 Metaspace       used 71868K, capacity 75263K, committed 75352K, reserved 1114112K
  class space    used 9637K, capacity 10295K, committed 10368K, reserved 1048576K
}
Event: 11.315 GC heap before
{Heap before GC invocations=25 (full 3):
 PSYoungGen      total 384512K, used 359771K [0x00000000e0000000, 0x00000000f9800000, 0x0000000100000000)
  eden space 351232K, 100% used [0x00000000e0000000,0x00000000f5700000,0x00000000f5700000)
  from space 33280K, 25% used [0x00000000f5700000,0x00000000f5f56d58,0x00000000f7780000)
  to   space 28672K, 0% used [0x00000000f7c00000,0x00000000f7c00000,0x00000000f9800000)
 ParOldGen       total 158208K, used 46617K [0x00000000a0000000, 0x00000000a9a80000, 0x00000000e0000000)
  object space 158208K, 29% used [0x00000000a0000000,0x00000000a2d86778,0x00000000a9a80000)
 Metaspace       used 71963K, capacity 75455K, committed 75608K, reserved 1114112K
  class space    used 9652K, capacity 10359K, committed 10368K, reserved 1048576K
Event: 11.324 GC heap after
Heap after GC invocations=25 (full 3):
 PSYoungGen      total 379904K, used 12637K [0x00000000e0000000, 0x00000000f9800000, 0x0000000100000000)
  eden space 351232K, 0% used [0x00000000e0000000,0x00000000e0000000,0x00000000f5700000)
  from space 28672K, 44% used [0x00000000f7c00000,0x00000000f88576b0,0x00000000f9800000)
  to   space 33280K, 0% used [0x00000000f5700000,0x00000000f5700000,0x00000000f7780000)
 ParOldGen       total 158208K, used 46625K [0x00000000a0000000, 0x00000000a9a80000, 0x00000000e0000000)
  object space 158208K, 29% used [0x00000000a0000000,0x00000000a2d88778,0x00000000a9a80000)
 Metaspace       used 71963K, capacity 75455K, committed 75608K, reserved 1114112K
  class space    used 9652K, capacity 10359K, committed 10368K, reserved 1048576K
}
Event: 11.656 GC heap before
{Heap before GC invocations=26 (full 3):
 PSYoungGen      total 379904K, used 363869K [0x00000000e0000000, 0x00000000f9800000, 0x0000000100000000)
  eden space 351232K, 100% used [0x00000000e0000000,0x00000000f5700000,0x00000000f5700000)
  from space 28672K, 44% used [0x00000000f7c00000,0x00000000f88576b0,0x00000000f9800000)
  to   space 33280K, 0% used [0x00000000f5700000,0x00000000f5700000,0x00000000f7780000)
 ParOldGen       total 158208K, used 46625K [0x00000000a0000000, 0x00000000a9a80000, 0x00000000e0000000)
  object space 158208K, 29% used [0x00000000a0000000,0x00000000a2d88778,0x00000000a9a80000)
 Metaspace       used 71991K, capacity 75455K, committed 75608K, reserved 1114112K
  class space    used 9652K, capacity 10359K, committed 10368K, reserved 1048576K
Event: 11.663 GC heap after
Heap after GC invocations=26 (full 3):
 PSYoungGen      total 384512K, used 11580K [0x00000000e0000000, 0x00000000f9800000, 0x0000000100000000)
  eden space 351232K, 0% used [0x00000000e0000000,0x00000000e0000000,0x00000000f5700000)
  from space 33280K, 34% used [0x00000000f5700000,0x00000000f624f2b8,0x00000000f7780000)
  to   space 28672K, 0% used [0x00000000f7c00000,0x00000000f7c00000,0x00000000f9800000)
 ParOldGen       total 158208K, used 46633K [0x00000000a0000000, 0x00000000a9a80000, 0x00000000e0000000)
  object space 158208K, 29% used [0x00000000a0000000,0x00000000a2d8a778,0x00000000a9a80000)
 Metaspace       used 71991K, capacity 75455K, committed 75608K, reserved 1114112K
  class space    used 9652K, capacity 10359K, committed 10368K, reserved 1048576K
}
Event: 12.764 GC heap before
{Heap before GC invocations=27 (full 3):
 PSYoungGen      total 384512K, used 362812K [0x00000000e0000000, 0x00000000f9800000, 0x0000000100000000)
  eden space 351232K, 100% used [0x00000000e0000000,0x00000000f5700000,0x00000000f5700000)
  from space 33280K, 34% used [0x00000000f5700000,0x00000000f624f2b8,0x00000000f7780000)
  to   space 28672K, 0% used [0x00000000f7c00000,0x00000000f7c00000,0x00000000f9800000)
 ParOldGen       total 158208K, used 46633K [0x00000000a0000000, 0x00000000a9a80000, 0x00000000e0000000)
  object space 158208K, 29% used [0x00000000a0000000,0x00000000a2d8a778,0x00000000a9a80000)
 Metaspace       used 72560K, capacity 76081K, committed 76248K, reserved 1116160K
  class space    used 9728K, capacity 10430K, committed 10496K, reserved 1048576K
Event: 12.772 GC heap after
Heap after GC invocations=27 (full 3):
 PSYoungGen      total 379904K, used 13106K [0x00000000e0000000, 0x00000000f9800000, 0x0000000100000000)
  eden space 351232K, 0% used [0x00000000e0000000,0x00000000e0000000,0x00000000f5700000)
  from space 28672K, 45% used [0x00000000f7c00000,0x00000000f88ccb88,0x00000000f9800000)
  to   space 33280K, 0% used [0x00000000f5700000,0x00000000f5700000,0x00000000f7780000)
 ParOldGen       total 158208K, used 46633K [0x00000000a0000000, 0x00000000a9a80000, 0x00000000e0000000)
  object space 158208K, 29% used [0x00000000a0000000,0x00000000a2d8a778,0x00000000a9a80000)
 Metaspace       used 72560K, capacity 76081K, committed 76248K, reserved 1116160K
  class space    used 9728K, capacity 10430K, committed 10496K, reserved 1048576K
}

